Connecting to database specified by database.yml
Connecting to database specified by database.yml
  [1m[36m (0.2ms)[0m  [1mselect sqlite_version(*)[0m
  [1m[35m (1.6ms)[0m  CREATE TABLE "schema_migrations" ("version" varchar(255) NOT NULL) 
  [1m[36m (0.1ms)[0m  [1mPRAGMA index_list("schema_migrations")[0m
  [1m[35m (1.0ms)[0m  CREATE UNIQUE INDEX "unique_schema_migrations" ON "schema_migrations" ("version")
  [1m[36m (0.2ms)[0m  [1mSELECT "schema_migrations"."version" FROM "schema_migrations" [0m
Migrating to CreateScouts (20120803202209)
  [1m[35m (0.1ms)[0m  begin transaction
  [1m[36m (0.6ms)[0m  [1mCREATE TABLE "scouts" ("id" INTEGER PRIMARY KEY AUTOINCREMENT NOT NULL, "name" varchar(255), "troop" varchar(255), "created_at" datetime NOT NULL, "updated_at" datetime NOT NULL) [0m
  [1m[35m (0.1ms)[0m  INSERT INTO "schema_migrations" ("version") VALUES ('20120803202209')
  [1m[36m (0.6ms)[0m  [1mcommit transaction[0m
  [1m[35m (0.4ms)[0m  select sqlite_version(*)
  [1m[36m (0.2ms)[0m  [1mSELECT "schema_migrations"."version" FROM "schema_migrations" [0m
  [1m[35m (0.1ms)[0m  PRAGMA index_list("scouts")


Started GET "/posts" for 127.0.0.1 at 2012-08-03 13:23:05 -0700
Connecting to database specified by database.yml

ActionController::RoutingError (No route matches [GET] "/posts"):
  actionpack (3.2.7) lib/action_dispatch/middleware/debug_exceptions.rb:21:in `call'
  actionpack (3.2.7) lib/action_dispatch/middleware/show_exceptions.rb:56:in `call'
  railties (3.2.7) lib/rails/rack/logger.rb:26:in `call_app'
  railties (3.2.7) lib/rails/rack/logger.rb:16:in `call'
  actionpack (3.2.7) lib/action_dispatch/middleware/request_id.rb:22:in `call'
  rack (1.4.1) lib/rack/methodoverride.rb:21:in `call'
  rack (1.4.1) lib/rack/runtime.rb:17:in `call'
  activesupport (3.2.7) lib/active_support/cache/strategy/local_cache.rb:72:in `call'
  rack (1.4.1) lib/rack/lock.rb:15:in `call'
  actionpack (3.2.7) lib/action_dispatch/middleware/static.rb:62:in `call'
  railties (3.2.7) lib/rails/engine.rb:479:in `call'
  railties (3.2.7) lib/rails/application.rb:220:in `call'
  rack (1.4.1) lib/rack/content_length.rb:14:in `call'
  railties (3.2.7) lib/rails/rack/log_tailer.rb:17:in `call'
  rack (1.4.1) lib/rack/handler/webrick.rb:59:in `service'
  /Users/ajcorrado/.rvm/rubies/ruby-1.9.3-p194/lib/ruby/1.9.1/webrick/httpserver.rb:138:in `service'
  /Users/ajcorrado/.rvm/rubies/ruby-1.9.3-p194/lib/ruby/1.9.1/webrick/httpserver.rb:94:in `run'
  /Users/ajcorrado/.rvm/rubies/ruby-1.9.3-p194/lib/ruby/1.9.1/webrick/server.rb:191:in `block in start_thread'


  Rendered /Users/ajcorrado/.rvm/gems/ruby-1.9.3-p194/gems/actionpack-3.2.7/lib/action_dispatch/middleware/templates/rescues/routing_error.erb within rescues/layout (3.3ms)


Started GET "/posts" for 127.0.0.1 at 2012-08-03 13:23:24 -0700

ActionController::RoutingError (No route matches [GET] "/posts"):
  actionpack (3.2.7) lib/action_dispatch/middleware/debug_exceptions.rb:21:in `call'
  actionpack (3.2.7) lib/action_dispatch/middleware/show_exceptions.rb:56:in `call'
  railties (3.2.7) lib/rails/rack/logger.rb:26:in `call_app'
  railties (3.2.7) lib/rails/rack/logger.rb:16:in `call'
  actionpack (3.2.7) lib/action_dispatch/middleware/request_id.rb:22:in `call'
  rack (1.4.1) lib/rack/methodoverride.rb:21:in `call'
  rack (1.4.1) lib/rack/runtime.rb:17:in `call'
  activesupport (3.2.7) lib/active_support/cache/strategy/local_cache.rb:72:in `call'
  rack (1.4.1) lib/rack/lock.rb:15:in `call'
  actionpack (3.2.7) lib/action_dispatch/middleware/static.rb:62:in `call'
  railties (3.2.7) lib/rails/engine.rb:479:in `call'
  railties (3.2.7) lib/rails/application.rb:220:in `call'
  rack (1.4.1) lib/rack/content_length.rb:14:in `call'
  railties (3.2.7) lib/rails/rack/log_tailer.rb:17:in `call'
  rack (1.4.1) lib/rack/handler/webrick.rb:59:in `service'
  /Users/ajcorrado/.rvm/rubies/ruby-1.9.3-p194/lib/ruby/1.9.1/webrick/httpserver.rb:138:in `service'
  /Users/ajcorrado/.rvm/rubies/ruby-1.9.3-p194/lib/ruby/1.9.1/webrick/httpserver.rb:94:in `run'
  /Users/ajcorrado/.rvm/rubies/ruby-1.9.3-p194/lib/ruby/1.9.1/webrick/server.rb:191:in `block in start_thread'


  Rendered /Users/ajcorrado/.rvm/gems/ruby-1.9.3-p194/gems/actionpack-3.2.7/lib/action_dispatch/middleware/templates/rescues/routing_error.erb within rescues/layout (0.6ms)


Started GET "/assets/rails.png" for 127.0.0.1 at 2012-08-03 13:23:29 -0700
Served asset /rails.png - 200 OK (14ms)


Started GET "/scout/new" for 127.0.0.1 at 2012-08-03 13:23:46 -0700

ActionController::RoutingError (No route matches [GET] "/scout/new"):
  actionpack (3.2.7) lib/action_dispatch/middleware/debug_exceptions.rb:21:in `call'
  actionpack (3.2.7) lib/action_dispatch/middleware/show_exceptions.rb:56:in `call'
  railties (3.2.7) lib/rails/rack/logger.rb:26:in `call_app'
  railties (3.2.7) lib/rails/rack/logger.rb:16:in `call'
  actionpack (3.2.7) lib/action_dispatch/middleware/request_id.rb:22:in `call'
  rack (1.4.1) lib/rack/methodoverride.rb:21:in `call'
  rack (1.4.1) lib/rack/runtime.rb:17:in `call'
  activesupport (3.2.7) lib/active_support/cache/strategy/local_cache.rb:72:in `call'
  rack (1.4.1) lib/rack/lock.rb:15:in `call'
  actionpack (3.2.7) lib/action_dispatch/middleware/static.rb:62:in `call'
  railties (3.2.7) lib/rails/engine.rb:479:in `call'
  railties (3.2.7) lib/rails/application.rb:220:in `call'
  rack (1.4.1) lib/rack/content_length.rb:14:in `call'
  railties (3.2.7) lib/rails/rack/log_tailer.rb:17:in `call'
  rack (1.4.1) lib/rack/handler/webrick.rb:59:in `service'
  /Users/ajcorrado/.rvm/rubies/ruby-1.9.3-p194/lib/ruby/1.9.1/webrick/httpserver.rb:138:in `service'
  /Users/ajcorrado/.rvm/rubies/ruby-1.9.3-p194/lib/ruby/1.9.1/webrick/httpserver.rb:94:in `run'
  /Users/ajcorrado/.rvm/rubies/ruby-1.9.3-p194/lib/ruby/1.9.1/webrick/server.rb:191:in `block in start_thread'


  Rendered /Users/ajcorrado/.rvm/gems/ruby-1.9.3-p194/gems/actionpack-3.2.7/lib/action_dispatch/middleware/templates/rescues/routing_error.erb within rescues/layout (1.0ms)


Started GET "/scout" for 127.0.0.1 at 2012-08-03 13:23:49 -0700

ActionController::RoutingError (No route matches [GET] "/scout"):
  actionpack (3.2.7) lib/action_dispatch/middleware/debug_exceptions.rb:21:in `call'
  actionpack (3.2.7) lib/action_dispatch/middleware/show_exceptions.rb:56:in `call'
  railties (3.2.7) lib/rails/rack/logger.rb:26:in `call_app'
  railties (3.2.7) lib/rails/rack/logger.rb:16:in `call'
  actionpack (3.2.7) lib/action_dispatch/middleware/request_id.rb:22:in `call'
  rack (1.4.1) lib/rack/methodoverride.rb:21:in `call'
  rack (1.4.1) lib/rack/runtime.rb:17:in `call'
  activesupport (3.2.7) lib/active_support/cache/strategy/local_cache.rb:72:in `call'
  rack (1.4.1) lib/rack/lock.rb:15:in `call'
  actionpack (3.2.7) lib/action_dispatch/middleware/static.rb:62:in `call'
  railties (3.2.7) lib/rails/engine.rb:479:in `call'
  railties (3.2.7) lib/rails/application.rb:220:in `call'
  rack (1.4.1) lib/rack/content_length.rb:14:in `call'
  railties (3.2.7) lib/rails/rack/log_tailer.rb:17:in `call'
  rack (1.4.1) lib/rack/handler/webrick.rb:59:in `service'
  /Users/ajcorrado/.rvm/rubies/ruby-1.9.3-p194/lib/ruby/1.9.1/webrick/httpserver.rb:138:in `service'
  /Users/ajcorrado/.rvm/rubies/ruby-1.9.3-p194/lib/ruby/1.9.1/webrick/httpserver.rb:94:in `run'
  /Users/ajcorrado/.rvm/rubies/ruby-1.9.3-p194/lib/ruby/1.9.1/webrick/server.rb:191:in `block in start_thread'


  Rendered /Users/ajcorrado/.rvm/gems/ruby-1.9.3-p194/gems/actionpack-3.2.7/lib/action_dispatch/middleware/templates/rescues/routing_error.erb within rescues/layout (0.9ms)


Started GET "/posts" for 127.0.0.1 at 2012-08-03 13:23:55 -0700

ActionController::RoutingError (No route matches [GET] "/posts"):
  actionpack (3.2.7) lib/action_dispatch/middleware/debug_exceptions.rb:21:in `call'
  actionpack (3.2.7) lib/action_dispatch/middleware/show_exceptions.rb:56:in `call'
  railties (3.2.7) lib/rails/rack/logger.rb:26:in `call_app'
  railties (3.2.7) lib/rails/rack/logger.rb:16:in `call'
  actionpack (3.2.7) lib/action_dispatch/middleware/request_id.rb:22:in `call'
  rack (1.4.1) lib/rack/methodoverride.rb:21:in `call'
  rack (1.4.1) lib/rack/runtime.rb:17:in `call'
  activesupport (3.2.7) lib/active_support/cache/strategy/local_cache.rb:72:in `call'
  rack (1.4.1) lib/rack/lock.rb:15:in `call'
  actionpack (3.2.7) lib/action_dispatch/middleware/static.rb:62:in `call'
  railties (3.2.7) lib/rails/engine.rb:479:in `call'
  railties (3.2.7) lib/rails/application.rb:220:in `call'
  rack (1.4.1) lib/rack/content_length.rb:14:in `call'
  railties (3.2.7) lib/rails/rack/log_tailer.rb:17:in `call'
  rack (1.4.1) lib/rack/handler/webrick.rb:59:in `service'
  /Users/ajcorrado/.rvm/rubies/ruby-1.9.3-p194/lib/ruby/1.9.1/webrick/httpserver.rb:138:in `service'
  /Users/ajcorrado/.rvm/rubies/ruby-1.9.3-p194/lib/ruby/1.9.1/webrick/httpserver.rb:94:in `run'
  /Users/ajcorrado/.rvm/rubies/ruby-1.9.3-p194/lib/ruby/1.9.1/webrick/server.rb:191:in `block in start_thread'


  Rendered /Users/ajcorrado/.rvm/gems/ruby-1.9.3-p194/gems/actionpack-3.2.7/lib/action_dispatch/middleware/templates/rescues/routing_error.erb within rescues/layout (0.7ms)


Started GET "/assets/rails.png" for 127.0.0.1 at 2012-08-03 13:26:31 -0700
Served asset /rails.png - 304 Not Modified (0ms)


Started GET "/posts" for 127.0.0.1 at 2012-08-03 13:26:35 -0700

ActionController::RoutingError (No route matches [GET] "/posts"):
  actionpack (3.2.7) lib/action_dispatch/middleware/debug_exceptions.rb:21:in `call'
  actionpack (3.2.7) lib/action_dispatch/middleware/show_exceptions.rb:56:in `call'
  railties (3.2.7) lib/rails/rack/logger.rb:26:in `call_app'
  railties (3.2.7) lib/rails/rack/logger.rb:16:in `call'
  actionpack (3.2.7) lib/action_dispatch/middleware/request_id.rb:22:in `call'
  rack (1.4.1) lib/rack/methodoverride.rb:21:in `call'
  rack (1.4.1) lib/rack/runtime.rb:17:in `call'
  activesupport (3.2.7) lib/active_support/cache/strategy/local_cache.rb:72:in `call'
  rack (1.4.1) lib/rack/lock.rb:15:in `call'
  actionpack (3.2.7) lib/action_dispatch/middleware/static.rb:62:in `call'
  railties (3.2.7) lib/rails/engine.rb:479:in `call'
  railties (3.2.7) lib/rails/application.rb:220:in `call'
  rack (1.4.1) lib/rack/content_length.rb:14:in `call'
  railties (3.2.7) lib/rails/rack/log_tailer.rb:17:in `call'
  rack (1.4.1) lib/rack/handler/webrick.rb:59:in `service'
  /Users/ajcorrado/.rvm/rubies/ruby-1.9.3-p194/lib/ruby/1.9.1/webrick/httpserver.rb:138:in `service'
  /Users/ajcorrado/.rvm/rubies/ruby-1.9.3-p194/lib/ruby/1.9.1/webrick/httpserver.rb:94:in `run'
  /Users/ajcorrado/.rvm/rubies/ruby-1.9.3-p194/lib/ruby/1.9.1/webrick/server.rb:191:in `block in start_thread'


  Rendered /Users/ajcorrado/.rvm/gems/ruby-1.9.3-p194/gems/actionpack-3.2.7/lib/action_dispatch/middleware/templates/rescues/routing_error.erb within rescues/layout (0.7ms)
